<?xml version="1.0" encoding="UTF-8"?>
<!-- Generated by org.testng.reporters.JUnitXMLReporter -->
<testsuite hostname="INBook_X1" ignored="0" name="Default test" tests="3" failures="0" timestamp="28 Nov 2022 02:49:05 GMT" time="25.111" errors="0">
  <testcase name="runScenario" time="21.095" classname="com.companyName.Testone.testrunner.TestRunner"/>
  <testcase name="runScenario" time="3.177" classname="com.companyName.Testone.testrunner.TestRunner"/>
  <testcase name="runScenario" time="0.639" classname="com.companyName.Testone.testrunner.TestRunner"/>
</testsuite> <!-- Default test -->
